2023-06-02T16:13:11.129579Z  INFO main ThreadId(01) kbas::exchanges::bitstamp: Spawning Bitstamp order book stream
2023-06-02T16:13:11.129962Z  INFO main ThreadId(01) kbas::exchanges::bitstamp: Spawning Bitstamp order book stream handler
2023-06-02T16:13:11.131078Z  INFO main ThreadId(01) kbas::exchanges::binance: Spawning Binance order book stream
2023-06-02T16:13:11.131374Z  INFO main ThreadId(01) kbas::exchanges::binance: Spawning Binance order book stream handler
2023-06-02T16:13:12.017813Z  INFO tokio-runtime-worker ThreadId(05) kbas::exchanges::bitstamp::stream: Ws connection established
2023-06-02T16:13:12.017979Z  INFO tokio-runtime-worker ThreadId(05) kbas::exchanges::bitstamp::stream: Getting order book snapshot
2023-06-02T16:13:13.158777Z  INFO tokio-runtime-worker ThreadId(06) kbas::exchanges::binance::stream: Ws connection established
2023-06-02T16:13:13.158941Z  INFO tokio-runtime-worker ThreadId(06) kbas::exchanges::binance::stream: Getting order book snapshot
2023-06-02T16:13:13.291230Z  WARN tokio-runtime-worker ThreadId(05) kbas::exchanges::bitstamp::stream: Microtimestamp is <= last microtimestamp
2023-06-02T16:13:13.291330Z  WARN tokio-runtime-worker ThreadId(05) kbas::exchanges::bitstamp::stream: Microtimestamp is <= last microtimestamp
2023-06-02T16:13:13.291362Z  WARN tokio-runtime-worker ThreadId(05) kbas::exchanges::bitstamp::stream: Microtimestamp is <= last microtimestamp
2023-06-02T16:13:13.291394Z  WARN tokio-runtime-worker ThreadId(05) kbas::exchanges::bitstamp::stream: Microtimestamp is <= last microtimestamp
2023-06-02T16:13:13.479300Z  WARN tokio-runtime-worker ThreadId(07) kbas::exchanges::bitstamp::stream: Microtimestamp is <= last microtimestamp
2023-06-02T16:13:13.817624Z  WARN tokio-runtime-worker ThreadId(07) kbas::exchanges::bitstamp::stream: Microtimestamp is <= last microtimestamp
2023-06-02T16:13:13.994591Z  WARN tokio-runtime-worker ThreadId(07) kbas::exchanges::binance::stream: Update id is <= last update id
2023-06-02T16:13:14.150695Z  WARN tokio-runtime-worker ThreadId(05) kbas::exchanges::bitstamp::stream: Microtimestamp is <= last microtimestamp
2023-06-02T16:13:14.593556Z  WARN tokio-runtime-worker ThreadId(05) kbas::exchanges::bitstamp::stream: Microtimestamp is <= last microtimestamp
2023-06-02T16:13:14.822891Z  WARN tokio-runtime-worker ThreadId(05) kbas::exchanges::bitstamp::stream: Microtimestamp is <= last microtimestamp
2023-06-02T16:13:15.429871Z  WARN tokio-runtime-worker ThreadId(05) kbas::exchanges::bitstamp::stream: Microtimestamp is <= last microtimestamp
2023-06-02T16:13:15.491499Z  WARN tokio-runtime-worker ThreadId(05) kbas::exchanges::bitstamp::stream: Microtimestamp is <= last microtimestamp
2023-06-02T16:13:15.828749Z  WARN tokio-runtime-worker ThreadId(05) kbas::exchanges::bitstamp::stream: Microtimestamp is <= last microtimestamp
2023-06-02T16:13:16.164967Z  WARN tokio-runtime-worker ThreadId(05) kbas::exchanges::bitstamp::stream: Microtimestamp is <= last microtimestamp
2023-06-02T16:13:16.836534Z  WARN tokio-runtime-worker ThreadId(05) kbas::exchanges::bitstamp::stream: Microtimestamp is <= last microtimestamp
2023-06-02T16:13:17.172225Z  WARN tokio-runtime-worker ThreadId(05) kbas::exchanges::bitstamp::stream: Microtimestamp is <= last microtimestamp
2023-06-02T16:13:17.506948Z  WARN tokio-runtime-worker ThreadId(05) kbas::exchanges::bitstamp::stream: Microtimestamp is <= last microtimestamp
2023-06-02T16:13:17.853553Z  WARN tokio-runtime-worker ThreadId(05) kbas::exchanges::bitstamp::stream: Microtimestamp is <= last microtimestamp
2023-06-02T16:13:18.178292Z  WARN tokio-runtime-worker ThreadId(05) kbas::exchanges::bitstamp::stream: Microtimestamp is <= last microtimestamp
2023-06-02T16:13:18.715222Z  WARN tokio-runtime-worker ThreadId(05) kbas::exchanges::bitstamp::stream: Microtimestamp is <= last microtimestamp
2023-06-02T16:13:19.051209Z  WARN tokio-runtime-worker ThreadId(05) kbas::exchanges::bitstamp::stream: Microtimestamp is <= last microtimestamp
2023-06-02T16:13:26.293099Z  INFO main ThreadId(01) kbas::exchanges::bitstamp: Spawning Bitstamp order book stream
2023-06-02T16:13:26.293439Z  INFO main ThreadId(01) kbas::exchanges::bitstamp: Spawning Bitstamp order book stream handler
2023-06-02T16:13:26.293823Z  INFO main ThreadId(01) kbas::exchanges::binance: Spawning Binance order book stream
2023-06-02T16:13:26.294011Z  INFO main ThreadId(01) kbas::exchanges::binance: Spawning Binance order book stream handler
2023-06-02T16:13:27.063801Z  INFO tokio-runtime-worker ThreadId(02) kbas::exchanges::bitstamp::stream: Ws connection established
2023-06-02T16:13:27.064089Z  INFO tokio-runtime-worker ThreadId(02) kbas::exchanges::bitstamp::stream: Getting order book snapshot
2023-06-02T16:13:27.862516Z  WARN tokio-runtime-worker ThreadId(02) kbas::exchanges::bitstamp::stream: Microtimestamp is <= last microtimestamp
2023-06-02T16:13:27.862565Z  WARN tokio-runtime-worker ThreadId(02) kbas::exchanges::bitstamp::stream: Microtimestamp is <= last microtimestamp
2023-06-02T16:13:28.059491Z  INFO tokio-runtime-worker ThreadId(04) kbas::exchanges::binance::stream: Ws connection established
2023-06-02T16:13:28.059668Z  INFO tokio-runtime-worker ThreadId(04) kbas::exchanges::binance::stream: Getting order book snapshot
2023-06-02T16:13:29.159014Z  WARN tokio-runtime-worker ThreadId(02) kbas::exchanges::bitstamp::stream: Microtimestamp is <= last microtimestamp
2023-06-02T16:13:29.489032Z  WARN tokio-runtime-worker ThreadId(02) kbas::exchanges::bitstamp::stream: Microtimestamp is <= last microtimestamp
2023-06-02T16:13:29.852705Z  WARN tokio-runtime-worker ThreadId(02) kbas::exchanges::bitstamp::stream: Microtimestamp is <= last microtimestamp
2023-06-02T16:13:30.364393Z  WARN tokio-runtime-worker ThreadId(02) kbas::exchanges::bitstamp::stream: Microtimestamp is <= last microtimestamp
2023-06-02T16:13:30.499011Z  WARN tokio-runtime-worker ThreadId(02) kbas::exchanges::bitstamp::stream: Microtimestamp is <= last microtimestamp
2023-06-02T16:13:31.700952Z  WARN tokio-runtime-worker ThreadId(08) kbas::exchanges::bitstamp::stream: Microtimestamp is <= last microtimestamp
2023-06-02T16:13:32.048652Z  WARN tokio-runtime-worker ThreadId(08) kbas::exchanges::bitstamp::stream: Microtimestamp is <= last microtimestamp
2023-06-02T16:13:32.371779Z  WARN tokio-runtime-worker ThreadId(08) kbas::exchanges::bitstamp::stream: Microtimestamp is <= last microtimestamp
2023-06-02T16:13:32.708214Z  WARN tokio-runtime-worker ThreadId(08) kbas::exchanges::bitstamp::stream: Microtimestamp is <= last microtimestamp
2023-06-02T16:13:33.042433Z  WARN tokio-runtime-worker ThreadId(08) kbas::exchanges::bitstamp::stream: Microtimestamp is <= last microtimestamp
2023-06-02T16:13:34.390733Z  WARN tokio-runtime-worker ThreadId(08) kbas::exchanges::bitstamp::stream: Microtimestamp is <= last microtimestamp
2023-06-02T16:13:34.726236Z  WARN tokio-runtime-worker ThreadId(08) kbas::exchanges::bitstamp::stream: Microtimestamp is <= last microtimestamp
2023-06-02T16:13:35.059842Z  WARN tokio-runtime-worker ThreadId(08) kbas::exchanges::bitstamp::stream: Microtimestamp is <= last microtimestamp
2023-06-02T16:13:35.395282Z  WARN tokio-runtime-worker ThreadId(08) kbas::exchanges::bitstamp::stream: Microtimestamp is <= last microtimestamp
2023-06-02T16:13:35.730126Z  WARN tokio-runtime-worker ThreadId(08) kbas::exchanges::bitstamp::stream: Microtimestamp is <= last microtimestamp
2023-06-02T16:13:36.065725Z  WARN tokio-runtime-worker ThreadId(08) kbas::exchanges::bitstamp::stream: Microtimestamp is <= last microtimestamp
2023-06-02T16:13:37.081425Z  WARN tokio-runtime-worker ThreadId(08) kbas::exchanges::bitstamp::stream: Microtimestamp is <= last microtimestamp
2023-06-02T16:13:37.408160Z  WARN tokio-runtime-worker ThreadId(08) kbas::exchanges::bitstamp::stream: Microtimestamp is <= last microtimestamp
2023-06-02T16:13:38.081114Z  WARN tokio-runtime-worker ThreadId(08) kbas::exchanges::bitstamp::stream: Microtimestamp is <= last microtimestamp
2023-06-02T16:13:39.439095Z  WARN tokio-runtime-worker ThreadId(08) kbas::exchanges::bitstamp::stream: Microtimestamp is <= last microtimestamp
2023-06-02T16:13:39.774800Z  WARN tokio-runtime-worker ThreadId(08) kbas::exchanges::bitstamp::stream: Microtimestamp is <= last microtimestamp
2023-06-02T16:13:41.113173Z  WARN tokio-runtime-worker ThreadId(08) kbas::exchanges::bitstamp::stream: Microtimestamp is <= last microtimestamp
2023-06-02T16:13:42.118096Z  WARN tokio-runtime-worker ThreadId(08) kbas::exchanges::bitstamp::stream: Microtimestamp is <= last microtimestamp
2023-06-02T16:13:42.980352Z  WARN tokio-runtime-worker ThreadId(08) kbas::exchanges::bitstamp::stream: Microtimestamp is <= last microtimestamp
2023-06-02T16:13:43.317298Z  WARN tokio-runtime-worker ThreadId(08) kbas::exchanges::bitstamp::stream: Microtimestamp is <= last microtimestamp
2023-06-02T16:13:43.652247Z  WARN tokio-runtime-worker ThreadId(08) kbas::exchanges::bitstamp::stream: Microtimestamp is <= last microtimestamp
2023-06-02T16:13:44.085500Z  WARN tokio-runtime-worker ThreadId(08) kbas::exchanges::bitstamp::stream: Microtimestamp is <= last microtimestamp
2023-06-02T16:13:45.665728Z  WARN tokio-runtime-worker ThreadId(08) kbas::exchanges::bitstamp::stream: Microtimestamp is <= last microtimestamp
2023-06-02T16:13:46.690633Z  WARN tokio-runtime-worker ThreadId(08) kbas::exchanges::bitstamp::stream: Microtimestamp is <= last microtimestamp
2023-06-02T16:13:47.354690Z  WARN tokio-runtime-worker ThreadId(08) kbas::exchanges::bitstamp::stream: Microtimestamp is <= last microtimestamp
2023-06-02T16:13:47.683731Z  WARN tokio-runtime-worker ThreadId(08) kbas::exchanges::bitstamp::stream: Microtimestamp is <= last microtimestamp
2023-06-02T16:13:48.701684Z  WARN tokio-runtime-worker ThreadId(08) kbas::exchanges::bitstamp::stream: Microtimestamp is <= last microtimestamp
2023-06-02T16:13:49.376991Z  WARN tokio-runtime-worker ThreadId(08) kbas::exchanges::bitstamp::stream: Microtimestamp is <= last microtimestamp
2023-06-02T16:13:49.718079Z  WARN tokio-runtime-worker ThreadId(08) kbas::exchanges::bitstamp::stream: Microtimestamp is <= last microtimestamp
2023-06-02T16:13:50.130263Z  WARN tokio-runtime-worker ThreadId(08) kbas::exchanges::bitstamp::stream: Microtimestamp is <= last microtimestamp
2023-06-02T16:13:50.393039Z  WARN tokio-runtime-worker ThreadId(08) kbas::exchanges::bitstamp::stream: Microtimestamp is <= last microtimestamp
2023-06-02T16:13:50.734008Z  WARN tokio-runtime-worker ThreadId(08) kbas::exchanges::bitstamp::stream: Microtimestamp is <= last microtimestamp
2023-06-02T16:13:52.412637Z  WARN tokio-runtime-worker ThreadId(08) kbas::exchanges::bitstamp::stream: Microtimestamp is <= last microtimestamp
2023-06-02T16:13:52.749501Z  WARN tokio-runtime-worker ThreadId(08) kbas::exchanges::bitstamp::stream: Microtimestamp is <= last microtimestamp
2023-06-02T16:13:53.083485Z  WARN tokio-runtime-worker ThreadId(08) kbas::exchanges::bitstamp::stream: Microtimestamp is <= last microtimestamp
2023-06-02T16:13:53.418144Z  WARN tokio-runtime-worker ThreadId(08) kbas::exchanges::bitstamp::stream: Microtimestamp is <= last microtimestamp
2023-06-02T16:13:53.752888Z  WARN tokio-runtime-worker ThreadId(08) kbas::exchanges::bitstamp::stream: Microtimestamp is <= last microtimestamp
2023-06-02T16:13:54.122871Z  WARN tokio-runtime-worker ThreadId(08) kbas::exchanges::bitstamp::stream: Microtimestamp is <= last microtimestamp
2023-06-02T16:13:54.439448Z  WARN tokio-runtime-worker ThreadId(08) kbas::exchanges::bitstamp::stream: Microtimestamp is <= last microtimestamp
2023-06-02T16:13:54.763061Z  WARN tokio-runtime-worker ThreadId(08) kbas::exchanges::bitstamp::stream: Microtimestamp is <= last microtimestamp
2023-06-02T16:13:55.099863Z  WARN tokio-runtime-worker ThreadId(08) kbas::exchanges::bitstamp::stream: Microtimestamp is <= last microtimestamp
2023-06-02T16:13:55.439265Z  WARN tokio-runtime-worker ThreadId(08) kbas::exchanges::bitstamp::stream: Microtimestamp is <= last microtimestamp
2023-06-02T16:13:55.769970Z  WARN tokio-runtime-worker ThreadId(08) kbas::exchanges::bitstamp::stream: Microtimestamp is <= last microtimestamp
2023-06-02T16:13:56.105362Z  WARN tokio-runtime-worker ThreadId(08) kbas::exchanges::bitstamp::stream: Microtimestamp is <= last microtimestamp
2023-06-02T16:13:56.443172Z  WARN tokio-runtime-worker ThreadId(08) kbas::exchanges::bitstamp::stream: Microtimestamp is <= last microtimestamp
2023-06-02T16:13:56.774459Z  WARN tokio-runtime-worker ThreadId(08) kbas::exchanges::bitstamp::stream: Microtimestamp is <= last microtimestamp
2023-06-02T16:13:57.127419Z  WARN tokio-runtime-worker ThreadId(08) kbas::exchanges::bitstamp::stream: Microtimestamp is <= last microtimestamp
2023-06-02T16:13:57.467249Z  WARN tokio-runtime-worker ThreadId(08) kbas::exchanges::bitstamp::stream: Microtimestamp is <= last microtimestamp
2023-06-02T16:13:57.814653Z  WARN tokio-runtime-worker ThreadId(08) kbas::exchanges::bitstamp::stream: Microtimestamp is <= last microtimestamp
2023-06-02T16:13:58.141936Z  WARN tokio-runtime-worker ThreadId(08) kbas::exchanges::bitstamp::stream: Microtimestamp is <= last microtimestamp
2023-06-02T16:13:58.482330Z  WARN tokio-runtime-worker ThreadId(08) kbas::exchanges::bitstamp::stream: Microtimestamp is <= last microtimestamp
2023-06-02T16:13:58.829632Z  WARN tokio-runtime-worker ThreadId(08) kbas::exchanges::bitstamp::stream: Microtimestamp is <= last microtimestamp
2023-06-02T16:13:59.494284Z  WARN tokio-runtime-worker ThreadId(08) kbas::exchanges::bitstamp::stream: Microtimestamp is <= last microtimestamp
2023-06-02T16:13:59.857216Z  WARN tokio-runtime-worker ThreadId(08) kbas::exchanges::bitstamp::stream: Microtimestamp is <= last microtimestamp
2023-06-02T16:14:00.572024Z  WARN tokio-runtime-worker ThreadId(08) kbas::exchanges::bitstamp::stream: Microtimestamp is <= last microtimestamp
2023-06-02T16:14:00.837380Z  WARN tokio-runtime-worker ThreadId(04) kbas::exchanges::bitstamp::stream: Microtimestamp is <= last microtimestamp
2023-06-02T16:14:01.840603Z  WARN tokio-runtime-worker ThreadId(04) kbas::exchanges::bitstamp::stream: Microtimestamp is <= last microtimestamp
2023-06-02T16:14:02.181636Z  WARN tokio-runtime-worker ThreadId(04) kbas::exchanges::bitstamp::stream: Microtimestamp is <= last microtimestamp
2023-06-02T16:14:02.855545Z  WARN tokio-runtime-worker ThreadId(04) kbas::exchanges::bitstamp::stream: Microtimestamp is <= last microtimestamp
2023-06-02T16:14:03.191134Z  WARN tokio-runtime-worker ThreadId(04) kbas::exchanges::bitstamp::stream: Microtimestamp is <= last microtimestamp
2023-06-02T16:14:03.867067Z  WARN tokio-runtime-worker ThreadId(04) kbas::exchanges::bitstamp::stream: Microtimestamp is <= last microtimestamp
2023-06-02T16:14:04.194590Z  WARN tokio-runtime-worker ThreadId(04) kbas::exchanges::bitstamp::stream: Microtimestamp is <= last microtimestamp
2023-06-02T16:14:04.537175Z  WARN tokio-runtime-worker ThreadId(04) kbas::exchanges::bitstamp::stream: Microtimestamp is <= last microtimestamp
2023-06-02T16:14:04.872176Z  WARN tokio-runtime-worker ThreadId(04) kbas::exchanges::bitstamp::stream: Microtimestamp is <= last microtimestamp
2023-06-02T16:14:05.881956Z  WARN tokio-runtime-worker ThreadId(04) kbas::exchanges::bitstamp::stream: Microtimestamp is <= last microtimestamp
2023-06-02T16:14:06.220726Z  WARN tokio-runtime-worker ThreadId(04) kbas::exchanges::bitstamp::stream: Microtimestamp is <= last microtimestamp
2023-06-02T16:14:06.549827Z  WARN tokio-runtime-worker ThreadId(04) kbas::exchanges::bitstamp::stream: Microtimestamp is <= last microtimestamp
2023-06-02T16:14:06.885105Z  WARN tokio-runtime-worker ThreadId(04) kbas::exchanges::bitstamp::stream: Microtimestamp is <= last microtimestamp
2023-06-02T16:14:07.228775Z  WARN tokio-runtime-worker ThreadId(04) kbas::exchanges::bitstamp::stream: Microtimestamp is <= last microtimestamp
2023-06-02T16:14:07.565985Z  WARN tokio-runtime-worker ThreadId(04) kbas::exchanges::bitstamp::stream: Microtimestamp is <= last microtimestamp
2023-06-02T16:14:07.900090Z  WARN tokio-runtime-worker ThreadId(04) kbas::exchanges::bitstamp::stream: Microtimestamp is <= last microtimestamp
2023-06-02T16:14:08.233938Z  WARN tokio-runtime-worker ThreadId(04) kbas::exchanges::bitstamp::stream: Microtimestamp is <= last microtimestamp
2023-06-02T16:14:08.904008Z  WARN tokio-runtime-worker ThreadId(04) kbas::exchanges::bitstamp::stream: Microtimestamp is <= last microtimestamp
2023-06-02T16:14:09.243621Z  WARN tokio-runtime-worker ThreadId(04) kbas::exchanges::bitstamp::stream: Microtimestamp is <= last microtimestamp
2023-06-02T16:14:09.911096Z  WARN tokio-runtime-worker ThreadId(04) kbas::exchanges::bitstamp::stream: Microtimestamp is <= last microtimestamp
2023-06-02T16:14:11.257802Z  WARN tokio-runtime-worker ThreadId(04) kbas::exchanges::bitstamp::stream: Microtimestamp is <= last microtimestamp
2023-06-02T16:14:12.259662Z  WARN tokio-runtime-worker ThreadId(04) kbas::exchanges::bitstamp::stream: Microtimestamp is <= last microtimestamp
2023-06-02T16:14:13.267063Z  WARN tokio-runtime-worker ThreadId(04) kbas::exchanges::bitstamp::stream: Microtimestamp is <= last microtimestamp
2023-06-02T16:14:13.600398Z  WARN tokio-runtime-worker ThreadId(04) kbas::exchanges::bitstamp::stream: Microtimestamp is <= last microtimestamp
2023-06-02T16:14:15.318330Z  WARN tokio-runtime-worker ThreadId(04) kbas::exchanges::bitstamp::stream: Microtimestamp is <= last microtimestamp
2023-06-02T16:14:15.962284Z  WARN tokio-runtime-worker ThreadId(04) kbas::exchanges::bitstamp::stream: Microtimestamp is <= last microtimestamp
2023-06-02T16:14:16.297948Z  WARN tokio-runtime-worker ThreadId(04) kbas::exchanges::bitstamp::stream: Microtimestamp is <= last microtimestamp
2023-06-02T16:14:16.968928Z  WARN tokio-runtime-worker ThreadId(04) kbas::exchanges::bitstamp::stream: Microtimestamp is <= last microtimestamp
2023-06-02T16:14:17.304101Z  WARN tokio-runtime-worker ThreadId(04) kbas::exchanges::bitstamp::stream: Microtimestamp is <= last microtimestamp
2023-06-02T16:14:19.986884Z  WARN tokio-runtime-worker ThreadId(04) kbas::exchanges::bitstamp::stream: Microtimestamp is <= last microtimestamp
2023-06-02T16:14:20.334299Z  WARN tokio-runtime-worker ThreadId(04) kbas::exchanges::bitstamp::stream: Microtimestamp is <= last microtimestamp
2023-06-02T16:14:21.062063Z  INFO tokio-runtime-worker ThreadId(04) kbas::exchanges::bitstamp::stream: Ping received
2023-06-02T16:14:21.062729Z  INFO tokio-runtime-worker ThreadId(04) kbas::exchanges::bitstamp::stream: Pong sent
2023-06-02T16:14:21.344189Z  WARN tokio-runtime-worker ThreadId(04) kbas::exchanges::bitstamp::stream: Microtimestamp is <= last microtimestamp
2023-06-02T16:14:22.362658Z  WARN tokio-runtime-worker ThreadId(04) kbas::exchanges::bitstamp::stream: Microtimestamp is <= last microtimestamp
2023-06-02T16:14:22.686258Z  WARN tokio-runtime-worker ThreadId(04) kbas::exchanges::bitstamp::stream: Microtimestamp is <= last microtimestamp
2023-06-02T16:14:23.035177Z  WARN tokio-runtime-worker ThreadId(04) kbas::exchanges::bitstamp::stream: Microtimestamp is <= last microtimestamp
2023-06-02T16:14:23.409609Z  WARN tokio-runtime-worker ThreadId(04) kbas::exchanges::bitstamp::stream: Microtimestamp is <= last microtimestamp
2023-06-02T16:14:23.702962Z  WARN tokio-runtime-worker ThreadId(04) kbas::exchanges::bitstamp::stream: Microtimestamp is <= last microtimestamp
2023-06-02T16:14:24.037820Z  WARN tokio-runtime-worker ThreadId(04) kbas::exchanges::bitstamp::stream: Microtimestamp is <= last microtimestamp
2023-06-02T16:14:24.432219Z  WARN tokio-runtime-worker ThreadId(04) kbas::exchanges::bitstamp::stream: Microtimestamp is <= last microtimestamp
2023-06-02T16:14:24.709223Z  WARN tokio-runtime-worker ThreadId(04) kbas::exchanges::bitstamp::stream: Microtimestamp is <= last microtimestamp
2023-06-02T16:14:25.051781Z  WARN tokio-runtime-worker ThreadId(04) kbas::exchanges::bitstamp::stream: Microtimestamp is <= last microtimestamp
2023-06-02T16:14:25.383097Z  WARN tokio-runtime-worker ThreadId(04) kbas::exchanges::bitstamp::stream: Microtimestamp is <= last microtimestamp
2023-06-02T16:14:25.721443Z  WARN tokio-runtime-worker ThreadId(04) kbas::exchanges::bitstamp::stream: Microtimestamp is <= last microtimestamp
2023-06-02T16:14:26.058155Z  WARN tokio-runtime-worker ThreadId(04) kbas::exchanges::bitstamp::stream: Microtimestamp is <= last microtimestamp
2023-06-02T16:14:26.391497Z  WARN tokio-runtime-worker ThreadId(04) kbas::exchanges::bitstamp::stream: Microtimestamp is <= last microtimestamp
2023-06-02T16:14:26.728135Z  WARN tokio-runtime-worker ThreadId(04) kbas::exchanges::bitstamp::stream: Microtimestamp is <= last microtimestamp
2023-06-02T16:14:27.062432Z  WARN tokio-runtime-worker ThreadId(04) kbas::exchanges::bitstamp::stream: Microtimestamp is <= last microtimestamp
2023-06-02T16:14:27.400737Z  WARN tokio-runtime-worker ThreadId(04) kbas::exchanges::bitstamp::stream: Microtimestamp is <= last microtimestamp
2023-06-02T16:14:27.737501Z  WARN tokio-runtime-worker ThreadId(04) kbas::exchanges::bitstamp::stream: Microtimestamp is <= last microtimestamp
2023-06-02T16:14:28.408493Z  WARN tokio-runtime-worker ThreadId(04) kbas::exchanges::bitstamp::stream: Microtimestamp is <= last microtimestamp
2023-06-02T16:14:28.748270Z  WARN tokio-runtime-worker ThreadId(04) kbas::exchanges::bitstamp::stream: Microtimestamp is <= last microtimestamp
2023-06-02T16:14:29.140981Z  WARN tokio-runtime-worker ThreadId(04) kbas::exchanges::bitstamp::stream: Microtimestamp is <= last microtimestamp
2023-06-02T16:14:29.417505Z  WARN tokio-runtime-worker ThreadId(04) kbas::exchanges::bitstamp::stream: Microtimestamp is <= last microtimestamp
2023-06-02T16:14:30.166609Z  WARN tokio-runtime-worker ThreadId(04) kbas::exchanges::bitstamp::stream: Microtimestamp is <= last microtimestamp
2023-06-02T16:14:30.440608Z  WARN tokio-runtime-worker ThreadId(04) kbas::exchanges::bitstamp::stream: Microtimestamp is <= last microtimestamp
2023-06-02T16:14:30.769560Z  WARN tokio-runtime-worker ThreadId(04) kbas::exchanges::bitstamp::stream: Microtimestamp is <= last microtimestamp
2023-06-02T16:14:32.130427Z  WARN tokio-runtime-worker ThreadId(04) kbas::exchanges::bitstamp::stream: Microtimestamp is <= last microtimestamp
2023-06-02T16:14:32.449865Z  WARN tokio-runtime-worker ThreadId(04) kbas::exchanges::bitstamp::stream: Microtimestamp is <= last microtimestamp
2023-06-02T16:14:32.791334Z  WARN tokio-runtime-worker ThreadId(04) kbas::exchanges::bitstamp::stream: Microtimestamp is <= last microtimestamp
2023-06-02T16:14:33.463460Z  WARN tokio-runtime-worker ThreadId(04) kbas::exchanges::bitstamp::stream: Microtimestamp is <= last microtimestamp
2023-06-02T16:15:38.628624Z  INFO main ThreadId(01) kbas::exchanges::bitstamp: Spawning Bitstamp order book stream
2023-06-02T16:15:38.628922Z  INFO main ThreadId(01) kbas::exchanges::bitstamp: Spawning Bitstamp order book stream handler
2023-06-02T16:15:38.628987Z  INFO main ThreadId(01) kbas::exchanges::binance: Spawning Binance order book stream
2023-06-02T16:15:38.629009Z  INFO main ThreadId(01) kbas::exchanges::binance: Spawning Binance order book stream handler
2023-06-02T16:15:39.479578Z  INFO tokio-runtime-worker ThreadId(03) kbas::exchanges::bitstamp::stream: Ws connection established
2023-06-02T16:15:39.479825Z  INFO tokio-runtime-worker ThreadId(03) kbas::exchanges::bitstamp::stream: Getting order book snapshot
2023-06-02T16:15:40.516273Z  INFO tokio-runtime-worker ThreadId(03) kbas::exchanges::binance::stream: Ws connection established
2023-06-02T16:15:40.516338Z  INFO tokio-runtime-worker ThreadId(03) kbas::exchanges::binance::stream: Getting order book snapshot
2023-06-02T16:15:40.738388Z  WARN tokio-runtime-worker ThreadId(03) kbas::exchanges::bitstamp::stream: Microtimestamp is <= last microtimestamp
2023-06-02T16:15:40.738447Z  WARN tokio-runtime-worker ThreadId(03) kbas::exchanges::bitstamp::stream: Microtimestamp is <= last microtimestamp
2023-06-02T16:15:41.731164Z  WARN tokio-runtime-worker ThreadId(06) kbas::exchanges::binance::stream: Update id is <= last update id
2023-06-02T16:15:42.695046Z  WARN tokio-runtime-worker ThreadId(03) kbas::exchanges::bitstamp::stream: Microtimestamp is <= last microtimestamp
2023-06-02T16:15:43.791990Z  WARN tokio-runtime-worker ThreadId(03) kbas::exchanges::bitstamp::stream: Microtimestamp is <= last microtimestamp
2023-06-02T16:15:44.709412Z  WARN tokio-runtime-worker ThreadId(03) kbas::exchanges::bitstamp::stream: Microtimestamp is <= last microtimestamp
2023-06-02T16:15:45.714272Z  WARN tokio-runtime-worker ThreadId(03) kbas::exchanges::bitstamp::stream: Microtimestamp is <= last microtimestamp
2023-06-02T16:15:46.729428Z  WARN tokio-runtime-worker ThreadId(03) kbas::exchanges::bitstamp::stream: Microtimestamp is <= last microtimestamp
2023-06-02T16:15:48.603529Z  WARN tokio-runtime-worker ThreadId(03) kbas::exchanges::bitstamp::stream: Microtimestamp is <= last microtimestamp
2023-06-02T16:15:48.939865Z  WARN tokio-runtime-worker ThreadId(03) kbas::exchanges::bitstamp::stream: Microtimestamp is <= last microtimestamp
2023-06-02T16:17:04.969681Z  INFO main ThreadId(01) kbas::exchanges::bitstamp: Spawning Bitstamp order book stream
2023-06-02T16:17:04.969839Z  INFO main ThreadId(01) kbas::exchanges::bitstamp: Spawning Bitstamp order book stream handler
2023-06-02T16:17:04.969924Z  INFO main ThreadId(01) kbas::exchanges::binance: Spawning Binance order book stream
2023-06-02T16:17:04.969971Z  INFO main ThreadId(01) kbas::exchanges::binance: Spawning Binance order book stream handler
2023-06-02T16:17:05.840567Z  INFO tokio-runtime-worker ThreadId(02) kbas::exchanges::bitstamp::stream: Ws connection established
2023-06-02T16:17:05.840859Z  INFO tokio-runtime-worker ThreadId(02) kbas::exchanges::bitstamp::stream: Getting order book snapshot
2023-06-02T16:17:06.844879Z  INFO tokio-runtime-worker ThreadId(05) kbas::exchanges::binance::stream: Ws connection established
2023-06-02T16:17:06.845158Z  INFO tokio-runtime-worker ThreadId(05) kbas::exchanges::binance::stream: Getting order book snapshot
2023-06-02T16:17:07.087560Z  WARN tokio-runtime-worker ThreadId(05) kbas::exchanges::bitstamp::stream: Microtimestamp is <= last microtimestamp
2023-06-02T16:17:07.622102Z  WARN tokio-runtime-worker ThreadId(02) kbas::exchanges::binance::stream: Update id is <= last update id
